Using pre-set license
Built from '2020.3/staging' branch; Version is '2020.3.20f1 (41c4e627c95f) revision 4310246'; Using compiler version '192528614'; Build Type 'Release'
OS: 'Windows 10 Home; OS build 19042.1288; Version 2009; 64bit' Language: 'en' Physical Memory: 16244 MB
BatchMode: 1, IsHumanControllingUs: 0, StartBugReporterOnCrash: 0, Is64bit: 1, IsPro: 0

COMMAND LINE ARGUMENTS:
C:\Program Files\Unity\Hub\Editor\2020.3.20f1\Editor\Unity.exe
-adb2
-batchMode
-noUpm
-name
AssetImportWorker0
-projectPath
C:/Users/Chloe/Desktop/Goldsmiths/Term 1/AR and XR/arfoundation-samples-main
-logFile
Logs/AssetImportWorker0.log
-srvPort
54692
Successfully changed project path to: C:/Users/Chloe/Desktop/Goldsmiths/Term 1/AR and XR/arfoundation-samples-main
C:/Users/Chloe/Desktop/Goldsmiths/Term 1/AR and XR/arfoundation-samples-main
Using Asset Import Pipeline V2.
Refreshing native plugins compatible for Editor in 27.80 ms, found 0 plugins.
Preloading 0 native plugins for Editor in 0.00 ms.
Initialize engine version: 2020.3.20f1 (41c4e627c95f)
[Subsystems] Discovering subsystems at path C:/Program Files/Unity/Hub/Editor/2020.3.20f1/Editor/Data/Resources/UnitySubsystems
[Subsystems] Discovering subsystems at path C:/Users/Chloe/Desktop/Goldsmiths/Term 1/AR and XR/arfoundation-samples-main/Assets
GfxDevice: creating device client; threaded=0
Direct3D:
    Version:  Direct3D 11.0 [level 11.1]
    Renderer: NVIDIA GeForce RTX 2080 Super with Max-Q Design (ID=0x1e93)
    Vendor:   
    VRAM:     8010 MB
    Driver:   26.21.14.4253
Initialize mono
Mono path[0] = 'C:/Program Files/Unity/Hub/Editor/2020.3.20f1/Editor/Data/Managed'
Mono path[1] = 'C:/Program Files/Unity/Hub/Editor/2020.3.20f1/Editor/Data/MonoBleedingEdge/lib/mono/unityjit'
Mono config path = 'C:/Program Files/Unity/Hub/Editor/2020.3.20f1/Editor/Data/MonoBleedingEdge/etc'
Using monoOptions --debugger-agent=transport=dt_socket,embedding=1,server=y,suspend=n,address=127.0.0.1:56884
Begin MonoManager ReloadAssembly
Registering precompiled unity dll's ...
Register platform support module: C:/Program Files/Unity/Hub/Editor/2020.3.20f1/Editor/Data/PlaybackEngines/WindowsStandaloneSupport/UnityEditor.WindowsStandalone.Extensions.dll
Registered in 0.001512 seconds.
Native extension for WindowsStandalone target not found
Refreshing native plugins compatible for Editor in 23.72 ms, found 0 plugins.
Preloading 0 native plugins for Editor in 0.00 ms.
Mono: successfully reloaded assembly
- Completed reload, in  1.308 seconds
Domain Reload Profiling:
	ReloadAssembly (1308ms)
		BeginReloadAssembly (39ms)
			ExecutionOrderSort (0ms)
			DisableScriptedObjects (0ms)
			BackupInstance (0ms)
			ReleaseScriptingObjects (0ms)
			CreateAndSetChildDomain (1ms)
		EndReloadAssembly (302ms)
			LoadAssemblies (37ms)
			RebuildTransferFunctionScriptingTraits (0ms)
			SetupTypeCache (117ms)
			ReleaseScriptCaches (0ms)
			RebuildScriptCaches (21ms)
			SetupLoadedEditorAssemblies (114ms)
				LogAssemblyErrors (0ms)
				InitializePlatformSupportModulesInManaged (3ms)
				SetLoadedEditorAssemblies (0ms)
				RefreshPlugins (24ms)
				BeforeProcessingInitializeOnLoad (8ms)
				ProcessInitializeOnLoadAttributes (59ms)
				ProcessInitializeOnLoadMethodAttributes (20ms)
				AfterProcessingInitializeOnLoad (0ms)
				EditorAssembliesLoaded (0ms)
			ExecutionOrderSort2 (0ms)
			AwakeInstancesAfterBackupRestoration (0ms)
Platform modules already initialized, skipping
Registering precompiled user dll's ...
Registered in 0.000525 seconds.
Begin MonoManager ReloadAssembly
Native extension for WindowsStandalone target not found
Refreshing native plugins compatible for Editor in 24.15 ms, found 0 plugins.
Preloading 0 native plugins for Editor in 0.00 ms.
Mono: successfully reloaded assembly
- Completed reload, in  0.712 seconds
Domain Reload Profiling:
	ReloadAssembly (713ms)
		BeginReloadAssembly (115ms)
			ExecutionOrderSort (0ms)
			DisableScriptedObjects (3ms)
			BackupInstance (0ms)
			ReleaseScriptingObjects (0ms)
			CreateAndSetChildDomain (14ms)
		EndReloadAssembly (547ms)
			LoadAssemblies (63ms)
			RebuildTransferFunctionScriptingTraits (0ms)
			SetupTypeCache (161ms)
			ReleaseScriptCaches (0ms)
			RebuildScriptCaches (34ms)
			SetupLoadedEditorAssemblies (193ms)
				LogAssemblyErrors (0ms)
				InitializePlatformSupportModulesInManaged (3ms)
				SetLoadedEditorAssemblies (0ms)
				RefreshPlugins (24ms)
				BeforeProcessingInitializeOnLoad (58ms)
				ProcessInitializeOnLoadAttributes (99ms)
				ProcessInitializeOnLoadMethodAttributes (4ms)
				AfterProcessingInitializeOnLoad (5ms)
				EditorAssembliesLoaded (0ms)
			ExecutionOrderSort2 (0ms)
			AwakeInstancesAfterBackupRestoration (4ms)
Platform modules already initialized, skipping
========================================================================
Worker process is ready to serve import requests
Launched and connected shader compiler UnityShaderCompiler.exe after 0.06 seconds
Refreshing native plugins compatible for Editor in 0.32 ms, found 0 plugins.
Preloading 0 native plugins for Editor in 0.00 ms.
Unloading 1556 Unused Serialized files (Serialized files now loaded: 0)
System memory in use before: 73.9 MB.
System memory in use after: 74.0 MB.

Unloading 22 unused Assets to reduce memory usage. Loaded Objects now: 1992.
Total: 2.635500 ms (FindLiveObjects: 0.257600 ms CreateObjectMapping: 0.071400 ms MarkObjects: 2.248700 ms  DeleteObjects: 0.057000 ms)

AssetImportParameters requested are different than current active one (requested -> active):
  custom:framework-win-MediaFoundation: 216162199b28c13a410421893ffa2e32 -> 
  custom:video-decoder-ogg-theora: a1e56fd34408186e4bbccfd4996cb3dc -> 
  custom:container-muxer-webm: aa71ff27fc2769a1b78a27578f13a17b -> 
  custom:container-demuxer-webm: 4f35f7cbe854078d1ac9338744f61a02 -> 
  custom:container-demuxer-ogg: 62fdf1f143b41e24485cea50d1cbac27 -> 
  custom:video-encoder-webm-vp8: eb34c28f22e8b96e1ab97ce403110664 -> 
  custom:video-decoder-webm-vp8: 9c59270c3fd7afecdb556c50c9e8de78 -> 
  custom:audio-decoder-ogg-vorbis: bf7c407c2cedff20999df2af8eb42d56 -> 
  custom:audio-encoder-webm-vorbis: bf7c407c2cedff20999df2af8eb42d56 -> 
========================================================================
Received Import Request.
  path: Assets/Prefabs/LightDirectionArrow.prefab
  artifactKey: Guid(c8395de59a6d145749f00299c3bbcb76) Importer(815301076,1909f56bfc062723c751e8b465ee728b)
Start importing Assets/Prefabs/LightDirectionArrow.prefab using Guid(c8395de59a6d145749f00299c3bbcb76) Importer(815301076,1909f56bfc062723c751e8b465ee728b)  -> (artifact id: '88dcc5059e2977101158ab64bd056967') in 0.245594 seconds 
  Import took 0.247811 seconds .

========================================================================
Received Import Request.
  Time since last request: 0.000179 seconds.
  path: Assets/Prefabs/FixationRayPrefab.prefab
  artifactKey: Guid(8339cb70cc6014347bd14cfea9e60601) Importer(815301076,1909f56bfc062723c751e8b465ee728b)
Start importing Assets/Prefabs/FixationRayPrefab.prefab using Guid(8339cb70cc6014347bd14cfea9e60601) Importer(815301076,1909f56bfc062723c751e8b465ee728b)  -> (artifact id: '7836da751fdae979925860fbfd9c5bc1') in 0.012838 seconds 
  Import took 0.015161 seconds .

========================================================================
Received Import Request.
  Time since last request: 0.000152 seconds.
  path: Assets/Prefabs/JointLineRenderer.prefab
  artifactKey: Guid(a52b49b9ddc724c198fda9937a7fced0) Importer(815301076,1909f56bfc062723c751e8b465ee728b)
Start importing Assets/Prefabs/JointLineRenderer.prefab using Guid(a52b49b9ddc724c198fda9937a7fced0) Importer(815301076,1909f56bfc062723c751e8b465ee728b)  -> (artifact id: '919b2e779086720aba1b904748fbcee2') in 0.012972 seconds 
  Import took 0.015829 seconds .

========================================================================
Received Import Request.
  Time since last request: 0.000310 seconds.
  path: Assets/Prefabs/AR Fixation Point Visualizer.prefab
  artifactKey: Guid(2e22b50ffeab1490fa3a0694f0e31317) Importer(815301076,1909f56bfc062723c751e8b465ee728b)
Start importing Assets/Prefabs/AR Fixation Point Visualizer.prefab using Guid(2e22b50ffeab1490fa3a0694f0e31317) Importer(815301076,1909f56bfc062723c751e8b465ee728b)  -> (artifact id: '88ba7f4874772991b2a3784912c5185a') in 0.020105 seconds 
  Import took 0.023251 seconds .

========================================================================
Received Import Request.
  Time since last request: 0.000175 seconds.
  path: Assets/Prefabs/AR Eye Laser Visualizer.prefab
  artifactKey: Guid(2d19c8a450c61438da3cc9a9d6468c2f) Importer(815301076,1909f56bfc062723c751e8b465ee728b)
Start importing Assets/Prefabs/AR Eye Laser Visualizer.prefab using Guid(2d19c8a450c61438da3cc9a9d6468c2f) Importer(815301076,1909f56bfc062723c751e8b465ee728b)  -> (artifact id: '1c8a2c6935d95cf92b7546d07417555e') in 0.009190 seconds 
  Import took 0.012109 seconds .

========================================================================
Received Import Request.
  Time since last request: 0.000221 seconds.
  path: Assets/Prefabs/FaceMeshPrefab.prefab
  artifactKey: Guid(92e70fac81673432784c18cf08f10366) Importer(815301076,1909f56bfc062723c751e8b465ee728b)
Start importing Assets/Prefabs/FaceMeshPrefab.prefab using Guid(92e70fac81673432784c18cf08f10366) Importer(815301076,1909f56bfc062723c751e8b465ee728b)  -> (artifact id: '4930ce618ffc721fa76fa7f4a77d47ed') in 0.010458 seconds 
  Import took 0.013957 seconds .

========================================================================
Received Import Request.
  Time since last request: 0.000213 seconds.
  path: Assets/Prefabs/FixationReticle.prefab
  artifactKey: Guid(a14db57d4a388438285ebba933990962) Importer(815301076,1909f56bfc062723c751e8b465ee728b)
Start importing Assets/Prefabs/FixationReticle.prefab using Guid(a14db57d4a388438285ebba933990962) Importer(815301076,1909f56bfc062723c751e8b465ee728b)  -> (artifact id: 'bf7e6756402484af243411b6ffe199c0') in 0.013116 seconds 
  Import took 0.015833 seconds .

========================================================================
Received Import Request.
  Time since last request: 0.000168 seconds.
  path: Assets/Prefabs/AR Feathered Plane Fade.prefab
  artifactKey: Guid(617b10198100d44078c5e70d97423117) Importer(815301076,1909f56bfc062723c751e8b465ee728b)
Start importing Assets/Prefabs/AR Feathered Plane Fade.prefab using Guid(617b10198100d44078c5e70d97423117) Importer(815301076,1909f56bfc062723c751e8b465ee728b)  -> (artifact id: 'd142725904c8b67d429edb3a78a3924d') in 0.010425 seconds 
  Import took 0.012911 seconds .

========================================================================
Received Import Request.
  Time since last request: 0.000181 seconds.
  path: Assets/Prefabs/ReflectiveSphere.prefab
  artifactKey: Guid(cc7ced85c210d4c2eb70bc117e21b21f) Importer(815301076,1909f56bfc062723c751e8b465ee728b)
Start importing Assets/Prefabs/ReflectiveSphere.prefab using Guid(cc7ced85c210d4c2eb70bc117e21b21f) Importer(815301076,1909f56bfc062723c751e8b465ee728b)  -> (artifact id: 'f4d688cc654ccf73237fbd7433311697') in 0.014358 seconds 
  Import took 0.017272 seconds .

========================================================================
Received Import Request.
  Time since last request: 0.000165 seconds.
  path: Assets/Prefabs/Large TriAxes.prefab
  artifactKey: Guid(d70206263780844d1ac3e64fe264d7b4) Importer(815301076,1909f56bfc062723c751e8b465ee728b)
Start importing Assets/Prefabs/Large TriAxes.prefab using Guid(d70206263780844d1ac3e64fe264d7b4) Importer(815301076,1909f56bfc062723c751e8b465ee728b)  -> (artifact id: '59aaef9510c5f9abcba74130c27bcc1e') in 0.012852 seconds 
  Import took 0.015338 seconds .

========================================================================
Received Import Request.
  Time since last request: 0.000186 seconds.
  path: Assets/Prefabs/AR Eye Pose Visualizer.prefab
  artifactKey: Guid(08580be01ddd241d19a72e19bc997f2e) Importer(815301076,1909f56bfc062723c751e8b465ee728b)
Start importing Assets/Prefabs/AR Eye Pose Visualizer.prefab using Guid(08580be01ddd241d19a72e19bc997f2e) Importer(815301076,1909f56bfc062723c751e8b465ee728b)  -> (artifact id: 'afebbf3887b70cca01de4f6ca98ea3df') in 0.009546 seconds 
  Import took 0.011884 seconds .

========================================================================
Received Import Request.
  Time since last request: 0.000172 seconds.
  path: Assets/Prefabs/AR Placed Sphere.prefab
  artifactKey: Guid(2e80f2e009b5347149ebaae6d96ddfb8) Importer(815301076,1909f56bfc062723c751e8b465ee728b)
Start importing Assets/Prefabs/AR Placed Sphere.prefab using Guid(2e80f2e009b5347149ebaae6d96ddfb8) Importer(815301076,1909f56bfc062723c751e8b465ee728b)  -> (artifact id: 'd68d4bdeef2fc83b3ac9ef684c694044') in 0.016721 seconds 
  Import took 0.019469 seconds .

========================================================================
Received Import Request.
  Time since last request: 0.000171 seconds.
  path: Assets/Prefabs/TriAxes.prefab
  artifactKey: Guid(48e43bbe3af404986bbdc5a552e5fefd) Importer(815301076,1909f56bfc062723c751e8b465ee728b)
Start importing Assets/Prefabs/TriAxes.prefab using Guid(48e43bbe3af404986bbdc5a552e5fefd) Importer(815301076,1909f56bfc062723c751e8b465ee728b)  -> (artifact id: 'bf0fde9239a6faf0f0c49d25dbbbc9b0') in 0.013442 seconds 
  Import took 0.016120 seconds .

========================================================================
Received Import Request.
  Time since last request: 0.000138 seconds.
  path: Assets/Prefabs/EnvironmentProbePrefab.prefab
  artifactKey: Guid(5cfb9441b668a4dc1a2f114e6d072394) Importer(815301076,1909f56bfc062723c751e8b465ee728b)
Start importing Assets/Prefabs/EnvironmentProbePrefab.prefab using Guid(5cfb9441b668a4dc1a2f114e6d072394) Importer(815301076,1909f56bfc062723c751e8b465ee728b)  -> (artifact id: '6bbffa393e71aaefae222b783b55d97f') in 0.190965 seconds 
  Import took 0.193387 seconds .

========================================================================
Received Import Request.
  Time since last request: 0.000193 seconds.
  path: Assets/Prefabs/AR Reference Point Axes.prefab
  artifactKey: Guid(7ab75e6d1363a42c883343aef7bc3596) Importer(815301076,1909f56bfc062723c751e8b465ee728b)
Start importing Assets/Prefabs/AR Reference Point Axes.prefab using Guid(7ab75e6d1363a42c883343aef7bc3596) Importer(815301076,1909f56bfc062723c751e8b465ee728b)  -> (artifact id: 'dd1b64ae885a0b6e86d4d61a03bdc237') in 0.014218 seconds 
  Import took 0.016524 seconds .

========================================================================
Received Import Request.
  Time since last request: 0.000157 seconds.
  path: Assets/Prefabs/AR Feathered Plane.prefab
  artifactKey: Guid(d16dd8da7e4ccbe42b1b4a344a72ecbb) Importer(815301076,1909f56bfc062723c751e8b465ee728b)
Start importing Assets/Prefabs/AR Feathered Plane.prefab using Guid(d16dd8da7e4ccbe42b1b4a344a72ecbb) Importer(815301076,1909f56bfc062723c751e8b465ee728b)  -> (artifact id: '058bc209f57300816f4bcd2c1d6d6213') in 0.008179 seconds 
  Import took 0.011763 seconds .

========================================================================
Received Import Request.
  Time since last request: 0.000190 seconds.
  path: Assets/Prefabs/SlothHead.prefab
  artifactKey: Guid(a5e76df5cbfd54a06abdaf52046adbc0) Importer(815301076,1909f56bfc062723c751e8b465ee728b)
Start importing Assets/Prefabs/SlothHead.prefab using Guid(a5e76df5cbfd54a06abdaf52046adbc0) Importer(815301076,1909f56bfc062723c751e8b465ee728b)  -> (artifact id: '95f7578a2d2ea5075839a00ac62403fd') in 0.290718 seconds 
  Import took 0.295634 seconds .

========================================================================
Received Import Request.
  Time since last request: 0.000186 seconds.
  path: Assets/Prefabs/AR Placed Cube.prefab
  artifactKey: Guid(b34b6c8f1206a6844b983e23b9da0441) Importer(815301076,1909f56bfc062723c751e8b465ee728b)
Start importing Assets/Prefabs/AR Placed Cube.prefab using Guid(b34b6c8f1206a6844b983e23b9da0441) Importer(815301076,1909f56bfc062723c751e8b465ee728b)  -> (artifact id: '1a67d193a03f9681b43c51f338c961f7') in 0.012157 seconds 
  Import took 0.014868 seconds .

========================================================================
Received Import Request.
  Time since last request: 0.000190 seconds.
  path: Assets/Prefabs/AR Point Cloud Debug Visualizer.prefab
  artifactKey: Guid(0d4f49e744bffd14eb527ba76c9bba12) Importer(815301076,1909f56bfc062723c751e8b465ee728b)
Start importing Assets/Prefabs/AR Point Cloud Debug Visualizer.prefab using Guid(0d4f49e744bffd14eb527ba76c9bba12) Importer(815301076,1909f56bfc062723c751e8b465ee728b)  -> (artifact id: '4bb78aeb43d0d3cb59d8da25b09ad520') in 0.040186 seconds 
  Import took 0.042729 seconds .

========================================================================
Received Import Request.
  Time since last request: 0.000221 seconds.
  path: Assets/Prefabs/Eye Pose Prefab.prefab
  artifactKey: Guid(643bb4f9636444efebc65bc5ec614d1b) Importer(815301076,1909f56bfc062723c751e8b465ee728b)
Start importing Assets/Prefabs/Eye Pose Prefab.prefab using Guid(643bb4f9636444efebc65bc5ec614d1b) Importer(815301076,1909f56bfc062723c751e8b465ee728b)  -> (artifact id: '797b5ddc38b32af9d7eeda19a1ffca89') in 0.012871 seconds 
  Import took 0.015782 seconds .

========================================================================
Received Import Request.
  Time since last request: 0.000291 seconds.
  path: Assets/Prefabs/AR Plane Debug Visualizer.prefab
  artifactKey: Guid(f0e0be81472ff1243aa2afa27e5d0e61) Importer(815301076,1909f56bfc062723c751e8b465ee728b)
Start importing Assets/Prefabs/AR Plane Debug Visualizer.prefab using Guid(f0e0be81472ff1243aa2afa27e5d0e61) Importer(815301076,1909f56bfc062723c751e8b465ee728b)  -> (artifact id: '0ec6c26e38f24d626ae36d9cc301ff6d') in 0.013608 seconds 
  Import took 0.016539 seconds .

========================================================================
Received Import Request.
  Time since last request: 0.000202 seconds.
  path: Assets/Prefabs/CheckeredPlane.prefab
  artifactKey: Guid(ff8f29ba6c29da34ebad74656b566a0b) Importer(815301076,1909f56bfc062723c751e8b465ee728b)
Start importing Assets/Prefabs/CheckeredPlane.prefab using Guid(ff8f29ba6c29da34ebad74656b566a0b) Importer(815301076,1909f56bfc062723c751e8b465ee728b)  -> (artifact id: 'cb436480d319958c174d0351cb7948f4') in 0.013301 seconds 
  Import took 0.015884 seconds .

========================================================================
Received Import Request.
  Time since last request: 0.000190 seconds.
  path: Assets/Prefabs/AR Point Cloud Visualizer.prefab
  artifactKey: Guid(7f988301d22a4406da0408106c75d212) Importer(815301076,1909f56bfc062723c751e8b465ee728b)
Start importing Assets/Prefabs/AR Point Cloud Visualizer.prefab using Guid(7f988301d22a4406da0408106c75d212) Importer(815301076,1909f56bfc062723c751e8b465ee728b)  -> (artifact id: '8c92cd4624dc62689152ecfaa77876c9') in 0.036551 seconds 
  Import took 0.039524 seconds .

========================================================================
Received Import Request.
  Time since last request: 0.000155 seconds.
  path: Assets/Prefabs/Eye Laser Prefab.prefab
  artifactKey: Guid(73d46f3fb3c4d4f6d8e1b7f94cd0086d) Importer(815301076,1909f56bfc062723c751e8b465ee728b)
Start importing Assets/Prefabs/Eye Laser Prefab.prefab using Guid(73d46f3fb3c4d4f6d8e1b7f94cd0086d) Importer(815301076,1909f56bfc062723c751e8b465ee728b)  -> (artifact id: '98378c50130996de5f085e429cc5c9bb') in 0.104680 seconds 
  Import took 0.106967 seconds .

========================================================================
Received Import Request.
  Time since last request: 350.186660 seconds.
  path: Assets/Scenes/PointCloud/AllPointCloudPointsPrefab.prefab
  artifactKey: Guid(b8874a20398024ddf9f6c78026e9d0b7) Importer(815301076,1909f56bfc062723c751e8b465ee728b)
Start importing Assets/Scenes/PointCloud/AllPointCloudPointsPrefab.prefab using Guid(b8874a20398024ddf9f6c78026e9d0b7) Importer(815301076,1909f56bfc062723c751e8b465ee728b)  -> (artifact id: '9d0c5ddbff402fc9ecdc9b38d35d3f9e') in 0.016385 seconds 
  Import took 0.019870 seconds .

========================================================================
Received Import Request.
  Time since last request: 0.000178 seconds.
  path: Assets/Scenes/ImageTracking/Prefabs/FlowerPrefab/FlowerPrefab.prefab
  artifactKey: Guid(e22b43a8fcdab413bb4f52f5076f759e) Importer(815301076,1909f56bfc062723c751e8b465ee728b)
Start importing Assets/Scenes/ImageTracking/Prefabs/FlowerPrefab/FlowerPrefab.prefab using Guid(e22b43a8fcdab413bb4f52f5076f759e) Importer(815301076,1909f56bfc062723c751e8b465ee728b)  -> (artifact id: '0b55429b91eb366569544fd76bde7356') in 0.227067 seconds 
  Import took 0.229958 seconds .

========================================================================
Received Import Request.
  Time since last request: 0.000153 seconds.
  path: Assets/Scenes/Meshing/Prefabs_MeshClassification/MeshPrefab_Floor.prefab
  artifactKey: Guid(c08707f48795c4697a4095a2e73d1583) Importer(815301076,1909f56bfc062723c751e8b465ee728b)
Start importing Assets/Scenes/Meshing/Prefabs_MeshClassification/MeshPrefab_Floor.prefab using Guid(c08707f48795c4697a4095a2e73d1583) Importer(815301076,1909f56bfc062723c751e8b465ee728b)  -> (artifact id: '037c7cb296d1268710f011b766fb624a') in 0.009529 seconds 
  Import took 0.012577 seconds .

========================================================================
Received Import Request.
  Time since last request: 0.000215 seconds.
  path: Assets/Scenes/ImageTracking/Prefabs/ImageInfoPrefab.prefab
  artifactKey: Guid(5d81b097707c58e4b949537763ba4bbe) Importer(815301076,1909f56bfc062723c751e8b465ee728b)
Start importing Assets/Scenes/ImageTracking/Prefabs/ImageInfoPrefab.prefab using Guid(5d81b097707c58e4b949537763ba4bbe) Importer(815301076,1909f56bfc062723c751e8b465ee728b)  -> (artifact id: '6008f6e9e2b51d6ee1c40a815a1bfcdb') in 0.120189 seconds 
  Import took 0.122978 seconds .

========================================================================
Received Import Request.
  Time since last request: 0.000199 seconds.
  path: Assets/Prefabs/robot/ControlledRobot.prefab
  artifactKey: Guid(d93d5415c51fa49aba66e61ec7b78b34) Importer(815301076,1909f56bfc062723c751e8b465ee728b)
Start importing Assets/Prefabs/robot/ControlledRobot.prefab using Guid(d93d5415c51fa49aba66e61ec7b78b34) Importer(815301076,1909f56bfc062723c751e8b465ee728b)  -> (artifact id: 'c560a7df56e1c9e4ae1ee92257fd4e69') in 0.412781 seconds 
  Import took 0.417421 seconds .

========================================================================
Received Import Request.
  Time since last request: 0.000184 seconds.
  path: Assets/Scenes/Meshing/Prefabs_MeshClassification/MeshPrefab_Wall.prefab
  artifactKey: Guid(79b6de234a9a44eb2a481947a184a204) Importer(815301076,1909f56bfc062723c751e8b465ee728b)
Start importing Assets/Scenes/Meshing/Prefabs_MeshClassification/MeshPrefab_Wall.prefab using Guid(79b6de234a9a44eb2a481947a184a204) Importer(815301076,1909f56bfc062723c751e8b465ee728b)  -> (artifact id: 'af1a76e0b6b65e0e2efa5f8edbe7be22') in 0.011042 seconds 
  Import took 0.014828 seconds .

========================================================================
Received Import Request.
  Time since last request: 0.000212 seconds.
  path: Assets/Scenes/ImageTracking/Prefabs/FlowerAlternativePrefab/FlowerAlternativePrefab.prefab
  artifactKey: Guid(3760319adcbe74905bf3e2a7dced4830) Importer(815301076,1909f56bfc062723c751e8b465ee728b)
Start importing Assets/Scenes/ImageTracking/Prefabs/FlowerAlternativePrefab/FlowerAlternativePrefab.prefab using Guid(3760319adcbe74905bf3e2a7dced4830) Importer(815301076,1909f56bfc062723c751e8b465ee728b)  -> (artifact id: 'b9738446e270dfe17b309dc760a95bc2') in 0.033627 seconds 
  Import took 0.037700 seconds .

========================================================================
Received Import Request.
  Time since last request: 0.000279 seconds.
  path: Assets/Scenes/Depth/NoGravityProjectile.prefab
  artifactKey: Guid(4c4b49fac887343a5a1f5fd8e4e3d872) Importer(815301076,1909f56bfc062723c751e8b465ee728b)
Start importing Assets/Scenes/Depth/NoGravityProjectile.prefab using Guid(4c4b49fac887343a5a1f5fd8e4e3d872) Importer(815301076,1909f56bfc062723c751e8b465ee728b)  -> (artifact id: 'b299d5bdc4679ec7c3865a93d393bcfd') in 0.019888 seconds 
  Import took 0.023172 seconds .

========================================================================
Received Import Request.
  Time since last request: 0.000209 seconds.
  path: Assets/Scenes/Meshing/Prefabs_MeshClassification/MeshPrefab_Seat.prefab
  artifactKey: Guid(3d02213a900f346f7981c7572e851b8a) Importer(815301076,1909f56bfc062723c751e8b465ee728b)
Start importing Assets/Scenes/Meshing/Prefabs_MeshClassification/MeshPrefab_Seat.prefab using Guid(3d02213a900f346f7981c7572e851b8a) Importer(815301076,1909f56bfc062723c751e8b465ee728b)  -> (artifact id: 'c67f085f31c2e8fce8ee4ac23e6bbddf') in 0.012841 seconds 
  Import took 0.016411 seconds .

========================================================================
Received Import Request.
  Time since last request: 0.000192 seconds.
  path: Assets/Scenes/Interaction/ManipulatorCube.prefab
  artifactKey: Guid(11b048be3660a4f6aa9dcf9f6182f6ba) Importer(815301076,1909f56bfc062723c751e8b465ee728b)
Start importing Assets/Scenes/Interaction/ManipulatorCube.prefab using Guid(11b048be3660a4f6aa9dcf9f6182f6ba) Importer(815301076,1909f56bfc062723c751e8b465ee728b)  -> (artifact id: '12f5be88c2bfd7ccd2ffe22737c3da6c') in 0.127495 seconds 
  Import took 0.130394 seconds .

========================================================================
Received Import Request.
  Time since last request: 0.000192 seconds.
  path: Assets/Scenes/Meshing/Prefabs_MeshClassification/MeshPrefab_Ceiling.prefab
  artifactKey: Guid(3c44023a24638495fb922ff4e92a9c46) Importer(815301076,1909f56bfc062723c751e8b465ee728b)
Start importing Assets/Scenes/Meshing/Prefabs_MeshClassification/MeshPrefab_Ceiling.prefab using Guid(3c44023a24638495fb922ff4e92a9c46) Importer(815301076,1909f56bfc062723c751e8b465ee728b)  -> (artifact id: '94c9c6e5f88dff8bbc03cfacd3576f95') in 0.012403 seconds 
  Import took 0.015296 seconds .

========================================================================
Received Import Request.
  Time since last request: 0.000172 seconds.
  path: Assets/Scenes/ImageTracking/Prefabs/VikingHelmetPrefab/VikingHelmetPrefab.prefab
  artifactKey: Guid(2584331523bd14e8898965d93034efdb) Importer(815301076,1909f56bfc062723c751e8b465ee728b)
Start importing Assets/Scenes/ImageTracking/Prefabs/VikingHelmetPrefab/VikingHelmetPrefab.prefab using Guid(2584331523bd14e8898965d93034efdb) Importer(815301076,1909f56bfc062723c751e8b465ee728b)  -> (artifact id: 'bed3c7fe50e24ccc41d337cbc73c68a2') in 0.022335 seconds 
  Import took 0.025940 seconds .

========================================================================
Received Import Request.
  Time since last request: 0.000199 seconds.
  path: Assets/Scenes/Meshing/Prefabs_MeshClassification/MeshPrefab_Table.prefab
  artifactKey: Guid(ff12d0d1aaf0b48d0beb34f3854b5d41) Importer(815301076,1909f56bfc062723c751e8b465ee728b)
Start importing Assets/Scenes/Meshing/Prefabs_MeshClassification/MeshPrefab_Table.prefab using Guid(ff12d0d1aaf0b48d0beb34f3854b5d41) Importer(815301076,1909f56bfc062723c751e8b465ee728b)  -> (artifact id: '1cae447c78d0cdc26eddd428621dc985') in 0.012654 seconds 
  Import took 0.016263 seconds .

========================================================================
Received Import Request.
  Time since last request: 0.000160 seconds.
  path: Assets/Scenes/SimpleAR/ARSessionPrefab.prefab
  artifactKey: Guid(90290c13d4a3d46eea32be3d6a1a14c4) Importer(815301076,1909f56bfc062723c751e8b465ee728b)
Start importing Assets/Scenes/SimpleAR/ARSessionPrefab.prefab using Guid(90290c13d4a3d46eea32be3d6a1a14c4) Importer(815301076,1909f56bfc062723c751e8b465ee728b)  -> (artifact id: 'c5073aad4aaf4638cbe23bd651e6e4a4') in 0.012235 seconds 
  Import took 0.015646 seconds .

========================================================================
Received Import Request.
  Time since last request: 0.000223 seconds.
  path: Assets/Scenes/ARFoundationMenu/BackButtonManager.prefab
  artifactKey: Guid(4ee22c1f54b174122b6a766fe09e0de8) Importer(815301076,1909f56bfc062723c751e8b465ee728b)
Start importing Assets/Scenes/ARFoundationMenu/BackButtonManager.prefab using Guid(4ee22c1f54b174122b6a766fe09e0de8) Importer(815301076,1909f56bfc062723c751e8b465ee728b)  -> (artifact id: '7b3b6ed831b14eba5077883ff2f2327e') in 0.022555 seconds 
  Import took 0.026527 seconds .

========================================================================
Received Import Request.
  Time since last request: 0.000188 seconds.
  path: Assets/Scenes/Meshing/Prefabs_MeshClassification/MeshPrefab_Window.prefab
  artifactKey: Guid(eb93e86095a044f6794390f6183f4993) Importer(815301076,1909f56bfc062723c751e8b465ee728b)
Start importing Assets/Scenes/Meshing/Prefabs_MeshClassification/MeshPrefab_Window.prefab using Guid(eb93e86095a044f6794390f6183f4993) Importer(815301076,1909f56bfc062723c751e8b465ee728b)  -> (artifact id: '06c2cdbf7b4a28edae5ae9b4c3708b8d') in 0.009041 seconds 
  Import took 0.011952 seconds .

========================================================================
Received Import Request.
  Time since last request: 0.000200 seconds.
  path: Assets/Scenes/Meshing/OcclusionMeshPrefab.prefab
  artifactKey: Guid(7187fb4e8b07f43d3be5d09b2d0e47bf) Importer(815301076,1909f56bfc062723c751e8b465ee728b)
Start importing Assets/Scenes/Meshing/OcclusionMeshPrefab.prefab using Guid(7187fb4e8b07f43d3be5d09b2d0e47bf) Importer(815301076,1909f56bfc062723c751e8b465ee728b)  -> (artifact id: 'aab3c5c3fec0ad883f1549107a15be9e') in 0.013442 seconds 
  Import took 0.017613 seconds .

========================================================================
Received Import Request.
  Time since last request: 0.000194 seconds.
  path: Assets/Scenes/Meshing/RenderedMeshPrefab.prefab
  artifactKey: Guid(a7db2f31145544cc9a9abc959fc3e80e) Importer(815301076,1909f56bfc062723c751e8b465ee728b)
Start importing Assets/Scenes/Meshing/RenderedMeshPrefab.prefab using Guid(a7db2f31145544cc9a9abc959fc3e80e) Importer(815301076,1909f56bfc062723c751e8b465ee728b)  -> (artifact id: '66704738bb12cdfa1c6751d91ce5e891') in 0.011204 seconds 
  Import took 0.014120 seconds .

========================================================================
Received Import Request.
  Time since last request: 0.000206 seconds.
  path: Assets/Scenes/Meshing/Projectile.prefab
  artifactKey: Guid(133f41d7c73924e42a428ccaa1975ea6) Importer(815301076,1909f56bfc062723c751e8b465ee728b)
Start importing Assets/Scenes/Meshing/Projectile.prefab using Guid(133f41d7c73924e42a428ccaa1975ea6) Importer(815301076,1909f56bfc062723c751e8b465ee728b)  -> (artifact id: '55f71783f68b96159bd68e8fc1a597fa') in 0.017216 seconds 
  Import took 0.021815 seconds .

========================================================================
Received Import Request.
  Time since last request: 0.000272 seconds.
  path: Assets/Scenes/Plane Detection/AR Plane Classification Visualizer.prefab
  artifactKey: Guid(55818d52702e343009fa8489d262df47) Importer(815301076,1909f56bfc062723c751e8b465ee728b)
Start importing Assets/Scenes/Plane Detection/AR Plane Classification Visualizer.prefab using Guid(55818d52702e343009fa8489d262df47) Importer(815301076,1909f56bfc062723c751e8b465ee728b)  -> (artifact id: '46d5b4e3b256c698bfb14dec41c54569') in 0.018024 seconds 
  Import took 0.022232 seconds .

========================================================================
Received Import Request.
  Time since last request: 0.000169 seconds.
  path: Assets/Scenes/Meshing/Prefabs_MeshClassification/MeshPrefab_None.prefab
  artifactKey: Guid(fddcd62d97fac4370b32ed91c45494fd) Importer(815301076,1909f56bfc062723c751e8b465ee728b)
Start importing Assets/Scenes/Meshing/Prefabs_MeshClassification/MeshPrefab_None.prefab using Guid(fddcd62d97fac4370b32ed91c45494fd) Importer(815301076,1909f56bfc062723c751e8b465ee728b)  -> (artifact id: '51a3654fc54bc02dc63cd5525401c2b9') in 0.009203 seconds 
  Import took 0.014033 seconds .

========================================================================
Received Import Request.
  Time since last request: 0.000301 seconds.
  path: Assets/Scenes/Meshing/NonrenderedMeshPrefab.prefab
  artifactKey: Guid(fedb7292b0fca45fb8cd1185135b9511) Importer(815301076,1909f56bfc062723c751e8b465ee728b)
Start importing Assets/Scenes/Meshing/NonrenderedMeshPrefab.prefab using Guid(fedb7292b0fca45fb8cd1185135b9511) Importer(815301076,1909f56bfc062723c751e8b465ee728b)  -> (artifact id: '83b076da4fd1e297877a20202e5d3834') in 0.010826 seconds 
  Import took 0.014795 seconds .

========================================================================
Received Import Request.
  Time since last request: 0.000232 seconds.
  path: Assets/Scenes/CameraGrain/CameraGrainCube.prefab
  artifactKey: Guid(d549bc67cd52b4e8ca61a5b51913f4ae) Importer(815301076,1909f56bfc062723c751e8b465ee728b)
Start importing Assets/Scenes/CameraGrain/CameraGrainCube.prefab using Guid(d549bc67cd52b4e8ca61a5b51913f4ae) Importer(815301076,1909f56bfc062723c751e8b465ee728b)  -> (artifact id: 'f51a856c40d4cc3633c00610ce21888f') in 0.018807 seconds 
  Import took 0.022149 seconds .

========================================================================
Received Import Request.
  Time since last request: 0.000179 seconds.
  path: Assets/Scenes/PlaneOcclusion/Cubes.prefab
  artifactKey: Guid(c0668cb2ba9134be98f4f004cd24a2c2) Importer(815301076,1909f56bfc062723c751e8b465ee728b)
Start importing Assets/Scenes/PlaneOcclusion/Cubes.prefab using Guid(c0668cb2ba9134be98f4f004cd24a2c2) Importer(815301076,1909f56bfc062723c751e8b465ee728b)  -> (artifact id: 'fce1298f3cd09331f4016969cee8a669') in 0.018703 seconds 
  Import took 0.022144 seconds .

========================================================================
Received Import Request.
  Time since last request: 0.000197 seconds.
  path: Assets/Scenes/Meshing/Prefabs_MeshClassification/MeshPrefab_Door.prefab
  artifactKey: Guid(f7aeb5ca16bc04524a07fe581cedf3ff) Importer(815301076,1909f56bfc062723c751e8b465ee728b)
Start importing Assets/Scenes/Meshing/Prefabs_MeshClassification/MeshPrefab_Door.prefab using Guid(f7aeb5ca16bc04524a07fe581cedf3ff) Importer(815301076,1909f56bfc062723c751e8b465ee728b)  -> (artifact id: 'c8f5982421b6a2d10011191fcf249bce') in 0.012965 seconds 
  Import took 0.017158 seconds .

========================================================================
Received Import Request.
  Time since last request: 0.000189 seconds.
  path: Assets/Scenes/ARKit/ThermalState/Prefabs/SimpleMesh.prefab
  artifactKey: Guid(481ab5ad50c684d128841668c492e601) Importer(815301076,1909f56bfc062723c751e8b465ee728b)
Start importing Assets/Scenes/ARKit/ThermalState/Prefabs/SimpleMesh.prefab using Guid(481ab5ad50c684d128841668c492e601) Importer(815301076,1909f56bfc062723c751e8b465ee728b)  -> (artifact id: 'b0efb71d3ad7e919c6b0c991640553ca') in 0.013338 seconds 
  Import took 0.016514 seconds .

========================================================================
Received Import Request.
  Time since last request: 0.000192 seconds.
  path: Assets/Scenes/ImageTracking/Prefabs/FireFliesPrefab/Prefabs/ParticlesLight.prefab
  artifactKey: Guid(61a6b3a108030e54ba372fe7097916d0) Importer(815301076,1909f56bfc062723c751e8b465ee728b)
Start importing Assets/Scenes/ImageTracking/Prefabs/FireFliesPrefab/Prefabs/ParticlesLight.prefab using Guid(61a6b3a108030e54ba372fe7097916d0) Importer(815301076,1909f56bfc062723c751e8b465ee728b)  -> (artifact id: '7b69014b4a285b30e962a427a30a42eb') in 0.011463 seconds 
  Import took 0.014377 seconds .

========================================================================
Received Import Request.
  Time since last request: 0.000249 seconds.
  path: Assets/Scenes/ImageTracking/Prefabs/FireFliesPrefab/Prefabs/FireFliesPrefab.prefab
  artifactKey: Guid(6dab247f9a9f8473abcb6a37d3468724) Importer(815301076,1909f56bfc062723c751e8b465ee728b)
Start importing Assets/Scenes/ImageTracking/Prefabs/FireFliesPrefab/Prefabs/FireFliesPrefab.prefab using Guid(6dab247f9a9f8473abcb6a37d3468724) Importer(815301076,1909f56bfc062723c751e8b465ee728b)  -> (artifact id: 'e24bd989494201786ad763df307b1810') in 0.104576 seconds 
  Import took 0.109024 seconds .

========================================================================
Received Import Request.
  Time since last request: 0.000181 seconds.
  path: Assets/Scenes/ARKit/ARCollaborationData/TriAxesWithDebugText.prefab
  artifactKey: Guid(8fe3e998d2f7f4eb8ac84726705ca1fd) Importer(815301076,1909f56bfc062723c751e8b465ee728b)
Start importing Assets/Scenes/ARKit/ARCollaborationData/TriAxesWithDebugText.prefab using Guid(8fe3e998d2f7f4eb8ac84726705ca1fd) Importer(815301076,1909f56bfc062723c751e8b465ee728b)  -> (artifact id: '749e473b8c8ac9ffacf58fc3ff5c53fd') in 0.017549 seconds 
  Import took 0.020670 seconds .

========================================================================
Received Import Request.
  Time since last request: 0.000182 seconds.
  path: Packages/com.unity.xr.legacyinputhelpers/Prefabs/XRRig.prefab
  artifactKey: Guid(c116b7497ab8ca34c9188965d4295e27) Importer(815301076,1909f56bfc062723c751e8b465ee728b)
Start importing Packages/com.unity.xr.legacyinputhelpers/Prefabs/XRRig.prefab using Guid(c116b7497ab8ca34c9188965d4295e27) Importer(815301076,1909f56bfc062723c751e8b465ee728b)  -> (artifact id: '4e0993ac88694dc4088532330439dbe4') in 0.016952 seconds 
  Import took 0.020144 seconds .

========================================================================
Received Import Request.
  Time since last request: 0.000223 seconds.
  path: Assets/Scenes/ImageTracking/Prefabs/FireFliesPrefab/FireFliesPrefab.prefab
  artifactKey: Guid(379785de5e39005469c875710d3cc5a7) Importer(815301076,1909f56bfc062723c751e8b465ee728b)
Start importing Assets/Scenes/ImageTracking/Prefabs/FireFliesPrefab/FireFliesPrefab.prefab using Guid(379785de5e39005469c875710d3cc5a7) Importer(815301076,1909f56bfc062723c751e8b465ee728b)  -> (artifact id: '19711af5b4f681932e345125486dc1d2') in 0.020934 seconds 
  Import took 0.025043 seconds .

========================================================================
Received Import Request.
  Time since last request: 0.000198 seconds.
  path: Assets/Scenes/PlaneOcclusion/OcclusionPlane.prefab
  artifactKey: Guid(b04c45397743447faaeced575f11ace3) Importer(815301076,1909f56bfc062723c751e8b465ee728b)
Start importing Assets/Scenes/PlaneOcclusion/OcclusionPlane.prefab using Guid(b04c45397743447faaeced575f11ace3) Importer(815301076,1909f56bfc062723c751e8b465ee728b)  -> (artifact id: '1a3b372d1524e83038e29e223412205d') in 0.025686 seconds 
  Import took 0.029488 seconds .

AssetImportWorkerClient::OnTransportError - code=2 error=End of file
